2025-06-09 13:30:47,221 - MMSA [INFO] - Running with seed 1114 (1/1)
2025-06-09 13:30:47,409 - MMSA [INFO] - train samples: (1284,)
2025-06-09 13:30:47,613 - MMSA [INFO] - valid samples: (229,)
2025-06-09 13:30:47,809 - MMSA [INFO] - test samples: (686,)
2025-06-09 13:30:53,642 - MMSA [INFO] - Loading pretrained model from ./IMDER_trained_model/mosi/pt_mosi_mr1_seed1114/imder-mosi.pth
2025-06-09 13:30:53,642 - MMSA [WARNING] - Failed to load pretrained model: [Errno 2] No such file or directory: './IMDER_trained_model/mosi/pt_mosi_mr1_seed1114/imder-mosi.pth'
2025-06-09 13:30:53,642 - MMSA [WARNING] - Training from scratch instead
2025-06-09 13:37:55,793 - MMSA [INFO] - Running with seed 1114 (1/1)
2025-06-09 13:37:55,974 - MMSA [INFO] - train samples: (1284,)
2025-06-09 13:37:56,158 - MMSA [INFO] - valid samples: (229,)
2025-06-09 13:37:56,334 - MMSA [INFO] - test samples: (686,)
2025-06-09 13:38:01,477 - MMSA [INFO] - Loading pretrained model from ./IMDER_trained_model/mosi/pt_mosi_mr1_seed1114/imder-mosi.pth
2025-06-09 13:38:01,477 - MMSA [ERROR] - Failed to load pretrained model: [Errno 2] No such file or directory: './IMDER_trained_model/mosi/pt_mosi_mr1_seed1114/imder-mosi.pth'
2025-06-09 13:38:01,477 - MMSA [ERROR] - A pretrained model is required but was not found or failed to load. Exiting.
2025-06-09 13:40:06,057 - MMSA [INFO] - Running with seed 1114 (1/1)
2025-06-09 13:40:06,258 - MMSA [INFO] - train samples: (1284,)
2025-06-09 13:40:06,437 - MMSA [INFO] - valid samples: (229,)
2025-06-09 13:40:06,607 - MMSA [INFO] - test samples: (686,)
2025-06-09 13:40:11,709 - MMSA [INFO] - Loading pretrained model from ./IMDER_trained_model/mosi/pt_mosi_mr1_seed1114/imder-mosi.pth
2025-06-09 13:40:11,710 - MMSA [ERROR] - Failed to load pretrained model: [Errno 2] No such file or directory: './IMDER_trained_model/mosi/pt_mosi_mr1_seed1114/imder-mosi.pth'
2025-06-09 13:40:11,710 - MMSA [ERROR] - A pretrained model is required but was not found or failed to load. Exiting.
2025-06-09 13:40:39,080 - MMSA [INFO] - Running with seed 1114 (1/1)
2025-06-09 13:40:39,256 - MMSA [INFO] - train samples: (1284,)
2025-06-09 13:40:39,439 - MMSA [INFO] - valid samples: (229,)
2025-06-09 13:40:39,617 - MMSA [INFO] - test samples: (686,)
2025-06-09 13:40:44,759 - MMSA [INFO] - Loading pretrained model from ./IMDER_trained_model/mosi/pt_mosi_mr1_seed1114/imder-mosi.pth
2025-06-09 13:40:44,760 - MMSA [ERROR] - Failed to load pretrained model: [Errno 2] No such file or directory: './IMDER_trained_model/mosi/pt_mosi_mr1_seed1114/imder-mosi.pth'
2025-06-09 13:40:44,760 - MMSA [ERROR] - A pretrained model is required but was not found or failed to load. Exiting.
2025-06-09 13:42:55,033 - MMSA [INFO] - Running with seed 1114 (1/1)
2025-06-09 13:42:55,209 - MMSA [INFO] - train samples: (1284,)
2025-06-09 13:42:55,397 - MMSA [INFO] - valid samples: (229,)
2025-06-09 13:42:55,576 - MMSA [INFO] - test samples: (686,)
2025-06-09 13:43:00,742 - MMSA [INFO] - Loading pretrained model from ./IMDER_trained_model/mosi/pt_mosi_mr1_seed1114/imder-mosi.pth
2025-06-09 13:43:01,384 - MMSA [INFO] - Successfully loaded pretrained model
2025-06-09 13:55:13,100 - MMSA [INFO] - VAL-(imder) >>  low_mr_Acc_2: 0.7469  low_mr_F1_score: 0.7358  low_mr_Acc_7: 0.2849  low_mr_MAE: 1.0535  medium_mr_Acc_2: 0.7407  medium_mr_F1_score: 0.7407  medium_mr_Acc_7: 0.2674  medium_mr_MAE: 1.0855  high_mr_Acc_2: 0.6975  high_mr_F1_score: 0.6986  high_mr_Acc_7: 0.2849  high_mr_MAE: 1.1151  F1_score: 0.7250  Loss: 82.8950 
2025-06-09 13:55:13,627 - MMSA [INFO] - TRAIN-(imder) [1/1/1] >> loss: 16.8291  low_mr_Acc_2: 0.7469  low_mr_F1_score: 0.7358  low_mr_Acc_7: 0.2849  low_mr_MAE: 1.0535  medium_mr_Acc_2: 0.7407  medium_mr_F1_score: 0.7407  medium_mr_Acc_7: 0.2674  medium_mr_MAE: 1.0855  high_mr_Acc_2: 0.6975  high_mr_F1_score: 0.6986  high_mr_Acc_7: 0.2849  high_mr_MAE: 1.1151  F1_score: 0.7250  Loss: 82.8950 
2025-06-09 14:05:44,955 - MMSA [INFO] - VAL-(imder) >>  low_mr_Acc_2: 0.7593  low_mr_F1_score: 0.7608  low_mr_Acc_7: 0.3023  low_mr_MAE: 1.0048  medium_mr_Acc_2: 0.7407  medium_mr_F1_score: 0.7244  medium_mr_Acc_7: 0.3198  medium_mr_MAE: 1.0240  high_mr_Acc_2: 0.6832  high_mr_F1_score: 0.6722  high_mr_Acc_7: 0.2849  high_mr_MAE: 1.2119  F1_score: 0.7191  Loss: 85.6553 
2025-06-09 14:05:45,450 - MMSA [INFO] - TRAIN-(imder) [1/2/1] >> loss: 13.5223  low_mr_Acc_2: 0.7593  low_mr_F1_score: 0.7608  low_mr_Acc_7: 0.3023  low_mr_MAE: 1.0048  medium_mr_Acc_2: 0.7407  medium_mr_F1_score: 0.7244  medium_mr_Acc_7: 0.3198  medium_mr_MAE: 1.0240  high_mr_Acc_2: 0.6832  high_mr_F1_score: 0.6722  high_mr_Acc_7: 0.2849  high_mr_MAE: 1.2119  F1_score: 0.7191  Loss: 85.6553 
2025-06-09 14:15:45,935 - MMSA [INFO] - VAL-(imder) >>  low_mr_Acc_2: 0.8125  low_mr_F1_score: 0.8104  low_mr_Acc_7: 0.3721  low_mr_MAE: 0.9119  medium_mr_Acc_2: 0.7378  medium_mr_F1_score: 0.7323  medium_mr_Acc_7: 0.3023  medium_mr_MAE: 1.0378  high_mr_Acc_2: 0.5839  high_mr_F1_score: 0.5131  high_mr_Acc_7: 0.2267  high_mr_MAE: 1.4770  F1_score: 0.6853  Loss: 76.6970 
2025-06-09 14:15:46,456 - MMSA [INFO] - TRAIN-(imder) [2/3/1] >> loss: 13.4355  low_mr_Acc_2: 0.8125  low_mr_F1_score: 0.8104  low_mr_Acc_7: 0.3721  low_mr_MAE: 0.9119  medium_mr_Acc_2: 0.7378  medium_mr_F1_score: 0.7323  medium_mr_Acc_7: 0.3023  medium_mr_MAE: 1.0378  high_mr_Acc_2: 0.5839  high_mr_F1_score: 0.5131  high_mr_Acc_7: 0.2267  high_mr_MAE: 1.4770  F1_score: 0.6853  Loss: 76.6970 
2025-06-09 14:27:38,798 - MMSA [INFO] - VAL-(imder) >>  low_mr_Acc_2: 0.7778  low_mr_F1_score: 0.7788  low_mr_Acc_7: 0.3721  low_mr_MAE: 0.9605  medium_mr_Acc_2: 0.6242  medium_mr_F1_score: 0.6284  medium_mr_Acc_7: 0.2616  medium_mr_MAE: 1.2432  high_mr_Acc_2: 0.7160  high_mr_F1_score: 0.7125  high_mr_Acc_7: 0.3140  high_mr_MAE: 1.0926  F1_score: 0.7066  Loss: 94.2683 
2025-06-09 14:27:39,303 - MMSA [INFO] - TRAIN-(imder) [3/4/1] >> loss: 16.0551  low_mr_Acc_2: 0.7778  low_mr_F1_score: 0.7788  low_mr_Acc_7: 0.3721  low_mr_MAE: 0.9605  medium_mr_Acc_2: 0.6242  medium_mr_F1_score: 0.6284  medium_mr_Acc_7: 0.2616  medium_mr_MAE: 1.2432  high_mr_Acc_2: 0.7160  high_mr_F1_score: 0.7125  high_mr_Acc_7: 0.3140  high_mr_MAE: 1.0926  F1_score: 0.7066  Loss: 94.2683 
2025-06-09 14:39:58,071 - MMSA [INFO] - VAL-(imder) >>  low_mr_Acc_2: 0.7317  low_mr_F1_score: 0.7303  low_mr_Acc_7: 0.3198  low_mr_MAE: 1.0351  medium_mr_Acc_2: 0.7423  medium_mr_F1_score: 0.7352  medium_mr_Acc_7: 0.2326  medium_mr_MAE: 1.0950  high_mr_Acc_2: 0.5741  high_mr_F1_score: 0.5559  high_mr_Acc_7: 0.2326  high_mr_MAE: 1.4179  F1_score: 0.6738  Loss: 90.9529 
2025-06-09 14:39:58,600 - MMSA [INFO] - TRAIN-(imder) [4/5/1] >> loss: 16.0807  low_mr_Acc_2: 0.7317  low_mr_F1_score: 0.7303  low_mr_Acc_7: 0.3198  low_mr_MAE: 1.0351  medium_mr_Acc_2: 0.7423  medium_mr_F1_score: 0.7352  medium_mr_Acc_7: 0.2326  medium_mr_MAE: 1.0950  high_mr_Acc_2: 0.5741  high_mr_F1_score: 0.5559  high_mr_Acc_7: 0.2326  high_mr_MAE: 1.4179  F1_score: 0.6738  Loss: 90.9529 
2025-06-09 14:51:28,908 - MMSA [INFO] - VAL-(imder) >>  low_mr_Acc_2: 0.6646  low_mr_F1_score: 0.6674  low_mr_Acc_7: 0.3198  low_mr_MAE: 1.1812  medium_mr_Acc_2: 0.6975  medium_mr_F1_score: 0.6920  medium_mr_Acc_7: 0.3023  medium_mr_MAE: 1.1246  high_mr_Acc_2: 0.6375  high_mr_F1_score: 0.6417  high_mr_Acc_7: 0.2733  high_mr_MAE: 1.2440  F1_score: 0.6670  Loss: 101.0551 
2025-06-09 14:51:29,407 - MMSA [INFO] - TRAIN-(imder) [5/6/1] >> loss: 14.9845  low_mr_Acc_2: 0.6646  low_mr_F1_score: 0.6674  low_mr_Acc_7: 0.3198  low_mr_MAE: 1.1812  medium_mr_Acc_2: 0.6975  medium_mr_F1_score: 0.6920  medium_mr_Acc_7: 0.3023  medium_mr_MAE: 1.1246  high_mr_Acc_2: 0.6375  high_mr_F1_score: 0.6417  high_mr_Acc_7: 0.2733  high_mr_MAE: 1.2440  F1_score: 0.6670  Loss: 101.0551 
2025-06-09 15:03:54,035 - MMSA [INFO] - VAL-(imder) >>  low_mr_Acc_2: 0.7531  low_mr_F1_score: 0.7472  low_mr_Acc_7: 0.3430  low_mr_MAE: 0.9421  medium_mr_Acc_2: 0.5951  medium_mr_F1_score: 0.5884  medium_mr_Acc_7: 0.2791  medium_mr_MAE: 1.2461  high_mr_Acc_2: 0.6149  high_mr_F1_score: 0.6091  high_mr_Acc_7: 0.2442  high_mr_MAE: 1.2926  F1_score: 0.6482  Loss: 91.2479 
2025-06-09 15:03:54,744 - MMSA [INFO] - TRAIN-(imder) [6/7/1] >> loss: 16.2076  low_mr_Acc_2: 0.7531  low_mr_F1_score: 0.7472  low_mr_Acc_7: 0.3430  low_mr_MAE: 0.9421  medium_mr_Acc_2: 0.5951  medium_mr_F1_score: 0.5884  medium_mr_Acc_7: 0.2791  medium_mr_MAE: 1.2461  high_mr_Acc_2: 0.6149  high_mr_F1_score: 0.6091  high_mr_Acc_7: 0.2442  high_mr_MAE: 1.2926  F1_score: 0.6482  Loss: 91.2479 
2025-06-09 15:14:01,226 - MMSA [INFO] - VAL-(imder) >>  low_mr_Acc_2: 0.7222  low_mr_F1_score: 0.7221  low_mr_Acc_7: 0.3547  low_mr_MAE: 0.9743  medium_mr_Acc_2: 0.7688  medium_mr_F1_score: 0.7673  medium_mr_Acc_7: 0.3198  medium_mr_MAE: 0.9922  high_mr_Acc_2: 0.5926  high_mr_F1_score: 0.5789  high_mr_Acc_7: 0.1860  high_mr_MAE: 1.4520  F1_score: 0.6894  Loss: 102.0339 
2025-06-09 15:14:01,726 - MMSA [INFO] - TRAIN-(imder) [7/8/1] >> loss: 12.8285  low_mr_Acc_2: 0.7222  low_mr_F1_score: 0.7221  low_mr_Acc_7: 0.3547  low_mr_MAE: 0.9743  medium_mr_Acc_2: 0.7688  medium_mr_F1_score: 0.7673  medium_mr_Acc_7: 0.3198  medium_mr_MAE: 0.9922  high_mr_Acc_2: 0.5926  high_mr_F1_score: 0.5789  high_mr_Acc_7: 0.1860  high_mr_MAE: 1.4520  F1_score: 0.6894  Loss: 102.0339 
2025-06-09 15:26:04,445 - MMSA [INFO] - VAL-(imder) >>  low_mr_Acc_2: 0.7362  low_mr_F1_score: 0.7365  low_mr_Acc_7: 0.3198  low_mr_MAE: 1.0498  medium_mr_Acc_2: 0.6258  medium_mr_F1_score: 0.6266  medium_mr_Acc_7: 0.2442  medium_mr_MAE: 1.2231  high_mr_Acc_2: 0.6159  high_mr_F1_score: 0.6178  high_mr_Acc_7: 0.2500  high_mr_MAE: 1.2930  F1_score: 0.6603  Loss: 109.8092 
2025-06-09 15:26:04,944 - MMSA [INFO] - TRAIN-(imder) [8/9/1] >> loss: 14.2658  low_mr_Acc_2: 0.7362  low_mr_F1_score: 0.7365  low_mr_Acc_7: 0.3198  low_mr_MAE: 1.0498  medium_mr_Acc_2: 0.6258  medium_mr_F1_score: 0.6266  medium_mr_Acc_7: 0.2442  medium_mr_MAE: 1.2231  high_mr_Acc_2: 0.6159  high_mr_F1_score: 0.6178  high_mr_Acc_7: 0.2500  high_mr_MAE: 1.2930  F1_score: 0.6603  Loss: 109.8092 
2025-06-09 15:36:20,315 - MMSA [INFO] - VAL-(imder) >>  low_mr_Acc_2: 0.8333  low_mr_F1_score: 0.8332  low_mr_Acc_7: 0.3837  low_mr_MAE: 0.8778  medium_mr_Acc_2: 0.6994  medium_mr_F1_score: 0.6992  medium_mr_Acc_7: 0.2907  medium_mr_MAE: 1.1206  high_mr_Acc_2: 0.6886  high_mr_F1_score: 0.6860  high_mr_Acc_7: 0.2558  high_mr_MAE: 1.2318  F1_score: 0.7395  Loss: 74.5870 
2025-06-09 15:36:20,815 - MMSA [INFO] - TRAIN-(imder) [9/10/1] >> loss: 11.3412  low_mr_Acc_2: 0.8333  low_mr_F1_score: 0.8332  low_mr_Acc_7: 0.3837  low_mr_MAE: 0.8778  medium_mr_Acc_2: 0.6994  medium_mr_F1_score: 0.6992  medium_mr_Acc_7: 0.2907  medium_mr_MAE: 1.1206  high_mr_Acc_2: 0.6886  high_mr_F1_score: 0.6860  high_mr_Acc_7: 0.2558  high_mr_MAE: 1.2318  F1_score: 0.7395  Loss: 74.5870 
2025-06-09 15:47:07,075 - MMSA [INFO] - VAL-(imder) >>  low_mr_Acc_2: 0.8148  low_mr_F1_score: 0.8120  low_mr_Acc_7: 0.3547  low_mr_MAE: 0.9090  medium_mr_Acc_2: 0.6341  medium_mr_F1_score: 0.6269  medium_mr_Acc_7: 0.2674  medium_mr_MAE: 1.2290  high_mr_Acc_2: 0.6211  high_mr_F1_score: 0.6219  high_mr_Acc_7: 0.2791  high_mr_MAE: 1.2018  F1_score: 0.6869  Loss: 94.9153 
2025-06-09 15:47:07,596 - MMSA [INFO] - TRAIN-(imder) [1/11/1] >> loss: 12.0403  low_mr_Acc_2: 0.8148  low_mr_F1_score: 0.8120  low_mr_Acc_7: 0.3547  low_mr_MAE: 0.9090  medium_mr_Acc_2: 0.6341  medium_mr_F1_score: 0.6269  medium_mr_Acc_7: 0.2674  medium_mr_MAE: 1.2290  high_mr_Acc_2: 0.6211  high_mr_F1_score: 0.6219  high_mr_Acc_7: 0.2791  high_mr_MAE: 1.2018  F1_score: 0.6869  Loss: 94.9153 
2025-06-09 15:58:32,628 - MMSA [INFO] - VAL-(imder) >>  low_mr_Acc_2: 0.7358  low_mr_F1_score: 0.7298  low_mr_Acc_7: 0.3663  low_mr_MAE: 1.0284  medium_mr_Acc_2: 0.7590  medium_mr_F1_score: 0.7585  medium_mr_Acc_7: 0.3198  medium_mr_MAE: 1.0305  high_mr_Acc_2: 0.6788  high_mr_F1_score: 0.6717  high_mr_Acc_7: 0.2907  high_mr_MAE: 1.1598  F1_score: 0.7200  Loss: 112.8490 
2025-06-09 15:58:33,134 - MMSA [INFO] - TRAIN-(imder) [2/12/1] >> loss: 13.0598  low_mr_Acc_2: 0.7358  low_mr_F1_score: 0.7298  low_mr_Acc_7: 0.3663  low_mr_MAE: 1.0284  medium_mr_Acc_2: 0.7590  medium_mr_F1_score: 0.7585  medium_mr_Acc_7: 0.3198  medium_mr_MAE: 1.0305  high_mr_Acc_2: 0.6788  high_mr_F1_score: 0.6717  high_mr_Acc_7: 0.2907  high_mr_MAE: 1.1598  F1_score: 0.7200  Loss: 112.8490 
2025-06-09 16:09:15,043 - MMSA [INFO] - VAL-(imder) >>  low_mr_Acc_2: 0.7562  low_mr_F1_score: 0.7586  low_mr_Acc_7: 0.2791  low_mr_MAE: 0.9368  medium_mr_Acc_2: 0.6975  medium_mr_F1_score: 0.6998  medium_mr_Acc_7: 0.2733  medium_mr_MAE: 1.1236  high_mr_Acc_2: 0.6545  high_mr_F1_score: 0.6520  high_mr_Acc_7: 0.2500  high_mr_MAE: 1.2464  F1_score: 0.7035  Loss: 86.6694 
2025-06-09 16:09:15,576 - MMSA [INFO] - TRAIN-(imder) [3/13/1] >> loss: 12.2439  low_mr_Acc_2: 0.7562  low_mr_F1_score: 0.7586  low_mr_Acc_7: 0.2791  low_mr_MAE: 0.9368  medium_mr_Acc_2: 0.6975  medium_mr_F1_score: 0.6998  medium_mr_Acc_7: 0.2733  medium_mr_MAE: 1.1236  high_mr_Acc_2: 0.6545  high_mr_F1_score: 0.6520  high_mr_Acc_7: 0.2500  high_mr_MAE: 1.2464  F1_score: 0.7035  Loss: 86.6694 
2025-06-09 16:20:07,072 - MMSA [INFO] - VAL-(imder) >>  low_mr_Acc_2: 0.7500  low_mr_F1_score: 0.7454  low_mr_Acc_7: 0.2907  low_mr_MAE: 0.9518  medium_mr_Acc_2: 0.6894  medium_mr_F1_score: 0.6747  medium_mr_Acc_7: 0.2558  medium_mr_MAE: 1.1382  high_mr_Acc_2: 0.7329  high_mr_F1_score: 0.7318  high_mr_Acc_7: 0.2849  high_mr_MAE: 1.0757  F1_score: 0.7173  Loss: 89.6264 
2025-06-09 16:20:07,611 - MMSA [INFO] - TRAIN-(imder) [4/14/1] >> loss: 12.8757  low_mr_Acc_2: 0.7500  low_mr_F1_score: 0.7454  low_mr_Acc_7: 0.2907  low_mr_MAE: 0.9518  medium_mr_Acc_2: 0.6894  medium_mr_F1_score: 0.6747  medium_mr_Acc_7: 0.2558  medium_mr_MAE: 1.1382  high_mr_Acc_2: 0.7329  high_mr_F1_score: 0.7318  high_mr_Acc_7: 0.2849  high_mr_MAE: 1.0757  F1_score: 0.7173  Loss: 89.6264 
